# JRE version: Java(TM) SE Runtime Environment (8.0_51-b16) (build 1.8.0_51-b16)
# Java VM: Java HotSpot(TM) 64-Bit Server VM (25.51-b03 mixed mode bsd-amd64 compressed oops)
Heap:
 PSYoungGen      total 179200K, used 20169K [0x0000000795580000, 0x00000007a6880000, 0x00000007c0000000)
  eden space 168448K, 5% used [0x0000000795580000,0x0000000795ed98c8,0x000000079fa00000)
  from space 10752K, 98% used [0x00000007a5e00000,0x00000007a6858cf0,0x00000007a6880000)
  to   space 34304K, 0% used [0x00000007a2580000,0x00000007a2580000,0x00000007a4700000)
 ParOldGen       total 169472K, used 75909K [0x0000000740000000, 0x000000074a580000, 0x0000000795580000)
  object space 169472K, 44% used [0x0000000740000000,0x0000000744a21778,0x000000074a580000)
 Metaspace       used 24189K, capacity 24396K, committed 24704K, reserved 1071104K
  class space    used 2800K, capacity 2878K, committed 2944K, reserved 1048576K
GC Heap History (10 events):
Event: 4.512 GC heap before
{Heap before GC invocations=6 (full 0):
 PSYoungGen      total 71680K, used 33917K [0x0000000795580000, 0x000000079fb80000, 0x00000007c0000000)
  eden space 66560K, 43% used [0x0000000795580000,0x00000007971a75b8,0x0000000799680000)
  from space 5120K, 99% used [0x0000000799680000,0x0000000799b78060,0x0000000799b80000)
  to   space 18432K, 0% used [0x000000079e980000,0x000000079e980000,0x000000079fb80000)
 ParOldGen       total 87552K, used 25145K [0x0000000740000000, 0x0000000745580000, 0x0000000795580000)
  object space 87552K, 28% used [0x0000000740000000,0x000000074188e438,0x0000000745580000)
 Metaspace       used 20864K, capacity 21014K, committed 21248K, reserved 1067008K
  class space    used 2633K, capacity 2713K, committed 2816K, reserved 1048576K
Event: 4.523 GC heap after
Heap after GC invocations=6 (full 0):
 PSYoungGen      total 149504K, used 10624K [0x0000000795580000, 0x000000079f980000, 0x00000007c0000000)
  eden space 133120K, 0% used [0x0000000795580000,0x0000000795580000,0x000000079d780000)
  from space 16384K, 64% used [0x000000079e980000,0x000000079f3e0090,0x000000079f980000)
  to   space 17408K, 0% used [0x000000079d780000,0x000000079d780000,0x000000079e880000)
 ParOldGen       total 87552K, used 25153K [0x0000000740000000, 0x0000000745580000, 0x0000000795580000)
  object space 87552K, 28% used [0x0000000740000000,0x0000000741890438,0x0000000745580000)
 Metaspace       used 20864K, capacity 21014K, committed 21248K, reserved 1067008K
  class space    used 2633K, capacity 2713K, committed 2816K, reserved 1048576K
}
Event: 4.523 GC heap before
{Heap before GC invocations=7 (full 1):
 PSYoungGen      total 149504K, used 10624K [0x0000000795580000, 0x000000079f980000, 0x00000007c0000000)
  eden space 133120K, 0% used [0x0000000795580000,0x0000000795580000,0x000000079d780000)
  from space 16384K, 64% used [0x000000079e980000,0x000000079f3e0090,0x000000079f980000)
  to   space 17408K, 0% used [0x000000079d780000,0x000000079d780000,0x000000079e880000)
 ParOldGen       total 87552K, used 25153K [0x0000000740000000, 0x0000000745580000, 0x0000000795580000)
  object space 87552K, 28% used [0x0000000740000000,0x0000000741890438,0x0000000745580000)
 Metaspace       used 20864K, capacity 21014K, committed 21248K, reserved 1067008K
  class space    used 2633K, capacity 2713K, committed 2816K, reserved 1048576K
Event: 4.587 GC heap after
Heap after GC invocations=7 (full 1):
 PSYoungGen      total 149504K, used 0K [0x0000000795580000, 0x000000079f980000, 0x00000007c0000000)
  eden space 133120K, 0% used [0x0000000795580000,0x0000000795580000,0x000000079d780000)
  from space 16384K, 0% used [0x000000079e980000,0x000000079e980000,0x000000079f980000)
  to   space 17408K, 0% used [0x000000079d780000,0x000000079d780000,0x000000079e880000)
 ParOldGen       total 81408K, used 27810K [0x0000000740000000, 0x0000000744f80000, 0x0000000795580000)
  object space 81408K, 34% used [0x0000000740000000,0x0000000741b28bf0,0x0000000744f80000)
 Metaspace       used 20864K, capacity 21014K, committed 21248K, reserved 1067008K
  class space    used 2633K, capacity 2713K, committed 2816K, reserved 1048576K
}
Event: 6.025 GC heap before
{Heap before GC invocations=8 (full 1):
 PSYoungGen      total 149504K, used 132823K [0x0000000795580000, 0x000000079f980000, 0x00000007c0000000)
  eden space 133120K, 99% used [0x0000000795580000,0x000000079d735f60,0x000000079d780000)
  from space 16384K, 0% used [0x000000079e980000,0x000000079e980000,0x000000079f980000)
  to   space 17408K, 0% used [0x000000079d780000,0x000000079d780000,0x000000079e880000)
 ParOldGen       total 81408K, used 27810K [0x0000000740000000, 0x0000000744f80000, 0x0000000795580000)
  object space 81408K, 34% used [0x0000000740000000,0x0000000741b28bf0,0x0000000744f80000)
 Metaspace       used 22205K, capacity 22422K, committed 22656K, reserved 1069056K
  class space    used 2766K, capacity 2841K, committed 2944K, reserved 1048576K
Event: 6.057 GC heap after
Heap after GC invocations=8 (full 1):
 PSYoungGen      total 150528K, used 17396K [0x0000000795580000, 0x00000007a8100000, 0x00000007c0000000)
  eden space 133120K, 0% used [0x0000000795580000,0x0000000795580000,0x000000079d780000)
  from space 17408K, 99% used [0x000000079d780000,0x000000079e87d0a0,0x000000079e880000)
  to   space 35840K, 0% used [0x00000007a5e00000,0x00000007a5e00000,0x00000007a8100000)
 ParOldGen       total 81408K, used 59144K [0x0000000740000000, 0x0000000744f80000, 0x0000000795580000)
  object space 81408K, 72% used [0x0000000740000000,0x00000007439c2320,0x0000000744f80000)
 Metaspace       used 22205K, capacity 22422K, committed 22656K, reserved 1069056K
  class space    used 2766K, capacity 2841K, committed 2944K, reserved 1048576K
}
Event: 6.057 GC heap before
{Heap before GC invocations=9 (full 2):
 PSYoungGen      total 150528K, used 17396K [0x0000000795580000, 0x00000007a8100000, 0x00000007c0000000)
  eden space 133120K, 0% used [0x0000000795580000,0x0000000795580000,0x000000079d780000)
  from space 17408K, 99% used [0x000000079d780000,0x000000079e87d0a0,0x000000079e880000)
  to   space 35840K, 0% used [0x00000007a5e00000,0x00000007a5e00000,0x00000007a8100000)
 ParOldGen       total 81408K, used 59144K [0x0000000740000000, 0x0000000744f80000, 0x0000000795580000)
  object space 81408K, 72% used [0x0000000740000000,0x00000007439c2320,0x0000000744f80000)
 Metaspace       used 22205K, capacity 22422K, committed 22656K, reserved 1069056K
  class space    used 2766K, capacity 2841K, committed 2944K, reserved 1048576K
Event: 6.376 GC heap after
Heap after GC invocations=9 (full 2):
 PSYoungGen      total 150528K, used 0K [0x0000000795580000, 0x00000007a8100000, 0x00000007c0000000)
  eden space 133120K, 0% used [0x0000000795580000,0x0000000795580000,0x000000079d780000)
  from space 17408K, 0% used [0x000000079d780000,0x000000079d780000,0x000000079e880000)
  to   space 35840K, 0% used [0x00000007a5e00000,0x00000007a5e00000,0x00000007a8100000)
 ParOldGen       total 169472K, used 75901K [0x0000000740000000, 0x000000074a580000, 0x0000000795580000)
  object space 169472K, 44% used [0x0000000740000000,0x0000000744a1f778,0x000000074a580000)
 Metaspace       used 22205K, capacity 22422K, committed 22656K, reserved 1069056K
  class space    used 2766K, capacity 2841K, committed 2944K, reserved 1048576K
}
Event: 6558.579 GC heap before
{Heap before GC invocations=10 (full 2):
 PSYoungGen      total 150528K, used 133120K [0x0000000795580000, 0x00000007a8100000, 0x00000007c0000000)
  eden space 133120K, 100% used [0x0000000795580000,0x000000079d780000,0x000000079d780000)
  from space 17408K, 0% used [0x000000079d780000,0x000000079d780000,0x000000079e880000)
  to   space 35840K, 0% used [0x00000007a5e00000,0x00000007a5e00000,0x00000007a8100000)
 ParOldGen       total 169472K, used 75901K [0x0000000740000000, 0x000000074a580000, 0x0000000795580000)
  object space 169472K, 44% used [0x0000000740000000,0x0000000744a1f778,0x000000074a580000)
 Metaspace       used 24184K, capacity 24396K, committed 24704K, reserved 1071104K
  class space    used 2800K, capacity 2878K, committed 2944K, reserved 1048576K
Event: 6558.615 GC heap after
Heap after GC invocations=10 (full 2):
 PSYoungGen      total 179200K, used 10595K [0x0000000795580000, 0x00000007a6880000, 0x00000007c0000000)
  eden space 168448K, 0% used [0x0000000795580000,0x0000000795580000,0x000000079fa00000)
  from space 10752K, 98% used [0x00000007a5e00000,0x00000007a6858cf0,0x00000007a6880000)
  to   space 34304K, 0% used [0x00000007a2580000,0x00000007a2580000,0x00000007a4700000)
 ParOldGen       total 169472K, used 75909K [0x0000000740000000, 0x000000074a580000, 0x0000000795580000)
  object space 169472K, 44% used [0x0000000740000000,0x0000000744a21778,0x000000074a580000)
 Metaspace       used 24184K, capacity 24396K, committed 24704K, reserved 1071104K
  class space    used 2800K, capacity 2878K, committed 2944K, reserved 1048576K
}

